This is pdfTeX, Version 3.14159265-2.6-1.40.17 (TeX Live 2016) (preloaded format=latex 2016.5.22)  1 AUG 2018 12:20
entering extended mode
 restricted \write18 enabled.
 %&-line parsing enabled.
**\makeatletter\def\HCode{\futurelet\HCode\HChar}\def\HChar{\ifx"\HCode\def\HCo
de"##1"{\Link##1}\expandafter\HCode\else\expandafter\Link\fi}\def\Link#1.a.b.c.
{\g@addto@macro\@documentclasshook{\RequirePackage[#1,html]{tex4ht}}\let\HCode\
documentstyle\def\documentstyle{\let\documentstyle\HCode\expandafter\def\csname
 tex4ht\endcsname{#1,html}\def\HCode####1{\documentstyle[tex4ht,}\@ifnextchar[{
\HCode}{\documentstyle[tex4ht]}}}\makeatother\HCode xhtml,ooffice.a.b.c.\input 
 RethinkingFS_TranstoWord.tex
(./RethinkingFS_TranstoWord.tex (/usr/local/texlive/2016/texmf-dist/tex/latex/b
ase/article.cls
Document Class: article 2014/09/29 v1.4h Standard LaTeX document class
(/usr/local/texlive/2016/texmf-dist/tex/latex/base/size10.clo
File: size10.clo 2014/09/29 v1.4h Standard LaTeX file (size option)
)
\c@part=\count79
\c@section=\count80
\c@subsection=\count81
\c@subsubsection=\count82
\c@paragraph=\count83
\c@subparagraph=\count84
\c@figure=\count85
\c@table=\count86
\abovecaptionskip=\skip41
\belowcaptionskip=\skip42
\bibindent=\dimen102
) (/usr/local/texlive/2016/texmf-dist/tex/generic/tex4ht/tex4ht.sty
version 2008-10-27-17:23
Package: tex4ht 
--------------------------------------
--- Note --- for _ at preamble, use the command line option `early_'
--------------------------------------
--------------------------------------
--- Note --- for ^ at preamble, use the command line option `early^'
--------------------------------------
\tmp:toks=\toks14
) (/usr/local/texlive/2016/texmf-dist/tex/generic/tex4ht/usepackage.4ht
version 2009-05-21-09:32
) (/usr/local/texlive/2016/texmf-dist/tex/latex/graphics/graphicx.sty
Package: graphicx 2014/10/28 v1.0g Enhanced LaTeX Graphics (DPC,SPQR)
(/usr/local/texlive/2016/texmf-dist/tex/latex/graphics/keyval.sty
Package: keyval 2014/10/28 v1.15 key=value parser (DPC)
\KV@toks@=\toks15
) (/usr/local/texlive/2016/texmf-dist/tex/latex/graphics/graphics.sty
Package: graphics 2016/05/09 v1.0r Standard LaTeX Graphics (DPC,SPQR)
(/usr/local/texlive/2016/texmf-dist/tex/latex/graphics/trig.sty
Package: trig 2016/01/03 v1.10 sin cos tan (DPC)
) (/usr/local/texlive/2016/texmf-dist/tex/latex/graphics-cfg/graphics.cfg
File: graphics.cfg 2016/01/02 v1.10 sample graphics configuration
)
Package graphics Info: Driver file: dvips.def on input line 96.
(/usr/local/texlive/2016/texmf-dist/tex/latex/graphics/dvips.def
File: dvips.def 2015/12/30 v3.0k Driver-dependent file (DPC,SPQR)
))
\Gin@req@height=\dimen103
\Gin@req@width=\dimen104
) (/usr/local/texlive/2016/texmf-dist/tex/latex/graphics/color.sty
Package: color 2016/05/09 v1.1c Standard LaTeX Color (DPC)
(/usr/local/texlive/2016/texmf-dist/tex/latex/graphics-cfg/color.cfg
File: color.cfg 2016/01/02 v1.6 sample color configuration
)
Package color Info: Driver file: dvips.def on input line 144.
(/usr/local/texlive/2016/texmf-dist/tex/latex/graphics/dvipsnam.def
File: dvipsnam.def 2015/12/30 v3.0k Driver-dependent file (DPC,SPQR)
)) (/usr/local/texlive/2016/texmf-dist/tex/latex/framed/framed.sty
Package: framed 2011/10/22 v 0.96: framed or shaded text with page breaks
\OuterFrameSep=\skip43
\fb@frw=\dimen105
\fb@frh=\dimen106
\FrameRule=\dimen107
\FrameSep=\dimen108
) (/usr/local/texlive/2016/texmf-dist/tex/latex/base/alltt.sty
Package: alltt 1997/06/16 v2.0g defines alltt environment
) (/usr/local/texlive/texmf-local/tex/latex/Sweave/tex/latex/Sweave.sty
Package: Sweave 
(/usr/local/texlive/2016/texmf-dist/tex/latex/base/ifthen.sty
Package: ifthen 2014/09/29 v1.1c Standard LaTeX ifthen package (DPC)
) (/usr/local/texlive/2016/texmf-dist/tex/latex/fancyvrb/fancyvrb.sty
Package: fancyvrb 2008/02/07

Style option: `fancyvrb' v2.7a, with DG/SPQR fixes, and firstline=lastline fix 
<2008/02/07> (tvz)
\FV@CodeLineNo=\count87
\FV@InFile=\read1
\FV@TabBox=\box26
\c@FancyVerbLine=\count88
\FV@StepNumber=\count89
\FV@OutFile=\write3
) (/usr/local/texlive/2016/texmf-dist/tex/latex/base/textcomp.sty
Package: textcomp 2005/09/27 v1.99g Standard LaTeX package
Package textcomp Info: Sub-encoding information:
(textcomp)               5 = only ISO-Adobe without \textcurrency
(textcomp)               4 = 5 + \texteuro
(textcomp)               3 = 4 + \textohm
(textcomp)               2 = 3 + \textestimated + \textcurrency
(textcomp)               1 = TS1 - \textcircled - \t
(textcomp)               0 = TS1 (full)
(textcomp)             Font families with sub-encoding setting implement
(textcomp)             only a restricted character set as indicated.
(textcomp)             Family '?' is the default used for unknown fonts.
(textcomp)             See the documentation for details.
Package textcomp Info: Setting ? sub-encoding to TS1/1 on input line 79.
(/usr/local/texlive/2016/texmf-dist/tex/latex/base/ts1enc.def
File: ts1enc.def 2001/06/05 v3.0e (jk/car/fm) Standard LaTeX file
)
LaTeX Info: Redefining \oldstylenums on input line 334.
Package textcomp Info: Setting cmr sub-encoding to TS1/0 on input line 349.
Package textcomp Info: Setting cmss sub-encoding to TS1/0 on input line 350.
Package textcomp Info: Setting cmtt sub-encoding to TS1/0 on input line 351.
Package textcomp Info: Setting cmvtt sub-encoding to TS1/0 on input line 352.
Package textcomp Info: Setting cmbr sub-encoding to TS1/0 on input line 353.
Package textcomp Info: Setting cmtl sub-encoding to TS1/0 on input line 354.
Package textcomp Info: Setting ccr sub-encoding to TS1/0 on input line 355.
Package textcomp Info: Setting ptm sub-encoding to TS1/4 on input line 356.
Package textcomp Info: Setting pcr sub-encoding to TS1/4 on input line 357.
Package textcomp Info: Setting phv sub-encoding to TS1/4 on input line 358.
Package textcomp Info: Setting ppl sub-encoding to TS1/3 on input line 359.
Package textcomp Info: Setting pag sub-encoding to TS1/4 on input line 360.
Package textcomp Info: Setting pbk sub-encoding to TS1/4 on input line 361.
Package textcomp Info: Setting pnc sub-encoding to TS1/4 on input line 362.
Package textcomp Info: Setting pzc sub-encoding to TS1/4 on input line 363.
Package textcomp Info: Setting bch sub-encoding to TS1/4 on input line 364.
Package textcomp Info: Setting put sub-encoding to TS1/5 on input line 365.
Package textcomp Info: Setting uag sub-encoding to TS1/5 on input line 366.
Package textcomp Info: Setting ugq sub-encoding to TS1/5 on input line 367.
Package textcomp Info: Setting ul8 sub-encoding to TS1/4 on input line 368.
Package textcomp Info: Setting ul9 sub-encoding to TS1/4 on input line 369.
Package textcomp Info: Setting augie sub-encoding to TS1/5 on input line 370.
Package textcomp Info: Setting dayrom sub-encoding to TS1/3 on input line 371.
Package textcomp Info: Setting dayroms sub-encoding to TS1/3 on input line 372.

Package textcomp Info: Setting pxr sub-encoding to TS1/0 on input line 373.
Package textcomp Info: Setting pxss sub-encoding to TS1/0 on input line 374.
Package textcomp Info: Setting pxtt sub-encoding to TS1/0 on input line 375.
Package textcomp Info: Setting txr sub-encoding to TS1/0 on input line 376.
Package textcomp Info: Setting txss sub-encoding to TS1/0 on input line 377.
Package textcomp Info: Setting txtt sub-encoding to TS1/0 on input line 378.
Package textcomp Info: Setting lmr sub-encoding to TS1/0 on input line 379.
Package textcomp Info: Setting lmdh sub-encoding to TS1/0 on input line 380.
Package textcomp Info: Setting lmss sub-encoding to TS1/0 on input line 381.
Package textcomp Info: Setting lmssq sub-encoding to TS1/0 on input line 382.
Package textcomp Info: Setting lmvtt sub-encoding to TS1/0 on input line 383.
Package textcomp Info: Setting lmtt sub-encoding to TS1/0 on input line 384.
Package textcomp Info: Setting qhv sub-encoding to TS1/0 on input line 385.
Package textcomp Info: Setting qag sub-encoding to TS1/0 on input line 386.
Package textcomp Info: Setting qbk sub-encoding to TS1/0 on input line 387.
Package textcomp Info: Setting qcr sub-encoding to TS1/0 on input line 388.
Package textcomp Info: Setting qcs sub-encoding to TS1/0 on input line 389.
Package textcomp Info: Setting qpl sub-encoding to TS1/0 on input line 390.
Package textcomp Info: Setting qtm sub-encoding to TS1/0 on input line 391.
Package textcomp Info: Setting qzc sub-encoding to TS1/0 on input line 392.
Package textcomp Info: Setting qhvc sub-encoding to TS1/0 on input line 393.
Package textcomp Info: Setting futs sub-encoding to TS1/4 on input line 394.
Package textcomp Info: Setting futx sub-encoding to TS1/4 on input line 395.
Package textcomp Info: Setting futj sub-encoding to TS1/4 on input line 396.
Package textcomp Info: Setting hlh sub-encoding to TS1/3 on input line 397.
Package textcomp Info: Setting hls sub-encoding to TS1/3 on input line 398.
Package textcomp Info: Setting hlst sub-encoding to TS1/3 on input line 399.
Package textcomp Info: Setting hlct sub-encoding to TS1/5 on input line 400.
Package textcomp Info: Setting hlx sub-encoding to TS1/5 on input line 401.
Package textcomp Info: Setting hlce sub-encoding to TS1/5 on input line 402.
Package textcomp Info: Setting hlcn sub-encoding to TS1/5 on input line 403.
Package textcomp Info: Setting hlcw sub-encoding to TS1/5 on input line 404.
Package textcomp Info: Setting hlcf sub-encoding to TS1/5 on input line 405.
Package textcomp Info: Setting pplx sub-encoding to TS1/3 on input line 406.
Package textcomp Info: Setting pplj sub-encoding to TS1/3 on input line 407.
Package textcomp Info: Setting ptmx sub-encoding to TS1/4 on input line 408.
Package textcomp Info: Setting ptmj sub-encoding to TS1/4 on input line 409.
) (/usr/local/texlive/2016/texmf-dist/tex/latex/base/fontenc.sty
Package: fontenc 2005/09/27 v1.99g Standard LaTeX package
(/usr/local/texlive/2016/texmf-dist/tex/latex/base/t1enc.def
File: t1enc.def 2005/09/27 v1.99g Standard LaTeX file
LaTeX Font Info:    Redeclaring font encoding T1 on input line 48.
)) (/usr/local/texlive/2016/texmf-dist/tex/latex/ae/ae.sty
Package: ae 2001/02/12 1.3 Almost European Computer Modern
(/usr/local/texlive/2016/texmf-dist/tex/latex/base/fontenc.sty
Package: fontenc 2005/09/27 v1.99g Standard LaTeX package
(/usr/local/texlive/2016/texmf-dist/tex/latex/base/t1enc.def
File: t1enc.def 2005/09/27 v1.99g Standard LaTeX file
LaTeX Font Info:    Redeclaring font encoding T1 on input line 48.
)
LaTeX Font Info:    Try loading font information for T1+aer on input line 105.
(/usr/local/texlive/2016/texmf-dist/tex/latex/ae/t1aer.fd
File: t1aer.fd 1997/11/16 Font definitions for T1/aer.
)))) (/usr/local/texlive/2016/texmf-dist/tex/latex/float/float.sty
Package: float 2001/11/08 v1.3d Float enhancements (AL)
\c@float@type=\count90
\float@exts=\toks16
\float@box=\box27
\@float@everytoks=\toks17
\@floatcapt=\box28
) (/usr/local/texlive/2016/texmf-dist/tex/latex/tools/tabularx.sty
Package: tabularx 2016/02/03 v2.11 `tabularx' package (DPC)
(/usr/local/texlive/2016/texmf-dist/tex/latex/tools/array.sty
Package: array 2014/10/28 v2.4c Tabular extension package (FMi)
\col@sep=\dimen109
\extrarowheight=\dimen110
\NC@list=\toks18
\extratabsurround=\skip44
\backup@length=\skip45
)
\TX@col@width=\dimen111
\TX@old@table=\dimen112
\TX@old@col=\dimen113
\TX@target=\dimen114
\TX@delta=\dimen115
\TX@cols=\count91
\TX@ftn=\toks19
) (/usr/local/texlive/2016/texmf-dist/tex/latex/siunitx/siunitx.sty (/usr/local
/texlive/2016/texmf-dist/tex/latex/l3kernel/expl3.sty
Package: expl3 2016/05/18 v6512 L3 programming layer (loader) 
(/usr/local/texlive/2016/texmf-dist/tex/latex/l3kernel/expl3-code.tex
Package: expl3 2016/05/18 v6512 L3 programming layer (code)
L3 Module: l3bootstrap 2016/02/12 v6412 L3 Bootstrap code
L3 Module: l3names 2016/03/11 v6433 L3 Namespace for primitives
L3 Module: l3basics 2015/11/22 v6315 L3 Basic definitions
L3 Module: l3expan 2015/09/10 v5983 L3 Argument expansion
L3 Module: l3tl 2016/03/26 v6465 L3 Token lists
L3 Module: l3str 2016/03/24 v6441 L3 Strings
L3 Module: l3seq 2015/08/05 v5777 L3 Sequences and stacks
L3 Module: l3int 2016/03/24 v6441 L3 Integers
\c_max_int=\count92
\l_tmpa_int=\count93
\l_tmpb_int=\count94
\g_tmpa_int=\count95
\g_tmpb_int=\count96
L3 Module: l3quark 2015/08/17 v5855 L3 Quarks
L3 Module: l3prg 2015/11/01 v6216 L3 Control structures
\g__prg_map_int=\count97
L3 Module: l3clist 2015/09/02 v5901 L3 Comma separated lists
L3 Module: l3token 2016/04/03 v6470 L3 Experimental token manipulation
L3 Module: l3prop 2016/01/05 v6366 L3 Property lists
L3 Module: l3msg 2016/03/26 v6464 L3 Messages
L3 Module: l3file 2016/03/25 v6458 L3 File and I/O operations
\l_iow_line_count_int=\count98
\l__iow_target_count_int=\count99
\l__iow_current_line_int=\count100
\l__iow_current_word_int=\count101
\l__iow_current_indentation_int=\count102
L3 Module: l3skip 2016/01/05 v6366 L3 Dimensions and skips
\c_zero_dim=\dimen116
\c_max_dim=\dimen117
\l_tmpa_dim=\dimen118
\l_tmpb_dim=\dimen119
\g_tmpa_dim=\dimen120
\g_tmpb_dim=\dimen121
\c_zero_skip=\skip46
\c_max_skip=\skip47
\l_tmpa_skip=\skip48
\l_tmpb_skip=\skip49
\g_tmpa_skip=\skip50
\g_tmpb_skip=\skip51
\c_zero_muskip=\muskip10
\c_max_muskip=\muskip11
\l_tmpa_muskip=\muskip12
\l_tmpb_muskip=\muskip13
\g_tmpa_muskip=\muskip14
\g_tmpb_muskip=\muskip15
L3 Module: l3keys 2015/11/17 v6284 L3 Key-value interfaces
\g__keyval_level_int=\count103
\l_keys_choice_int=\count104
L3 Module: l3fp 2016/03/26 v6465 L3 Floating points
\c__fp_leading_shift_int=\count105
\c__fp_middle_shift_int=\count106
\c__fp_trailing_shift_int=\count107
\c__fp_big_leading_shift_int=\count108
\c__fp_big_middle_shift_int=\count109
\c__fp_big_trailing_shift_int=\count110
\c__fp_Bigg_leading_shift_int=\count111
\c__fp_Bigg_middle_shift_int=\count112
\c__fp_Bigg_trailing_shift_int=\count113
L3 Module: l3box 2015/08/09 v5822 L3 Experimental boxes
\c_empty_box=\box29
\l_tmpa_box=\box30
\l_tmpb_box=\box31
\g_tmpa_box=\box32
\g_tmpb_box=\box33
L3 Module: l3coffins 2016/05/17 v6508 L3 Coffin code layer
\l__coffin_internal_box=\box34
\l__coffin_internal_dim=\dimen122
\l__coffin_offset_x_dim=\dimen123
\l__coffin_offset_y_dim=\dimen124
\l__coffin_x_dim=\dimen125
\l__coffin_y_dim=\dimen126
\l__coffin_x_prime_dim=\dimen127
\l__coffin_y_prime_dim=\dimen128
\c_empty_coffin=\box35
\l__coffin_aligned_coffin=\box36
\l__coffin_aligned_internal_coffin=\box37
\l_tmpa_coffin=\box38
\l_tmpb_coffin=\box39
\l__coffin_display_coffin=\box40
\l__coffin_display_coord_coffin=\box41
\l__coffin_display_pole_coffin=\box42
\l__coffin_display_offset_dim=\dimen129
\l__coffin_display_x_dim=\dimen130
\l__coffin_display_y_dim=\dimen131
L3 Module: l3color 2014/08/23 v5354 L3 Experimental color support
L3 Module: l3sys 2015/09/25 v6087 L3 Experimental system/runtime functions
L3 Module: l3candidates 2016/05/13 v6484 L3 Experimental additions to l3kernel
\l__box_top_dim=\dimen132
\l__box_bottom_dim=\dimen133
\l__box_left_dim=\dimen134
\l__box_right_dim=\dimen135
\l__box_top_new_dim=\dimen136
\l__box_bottom_new_dim=\dimen137
\l__box_left_new_dim=\dimen138
\l__box_right_new_dim=\dimen139
\l__box_internal_box=\box43
\l__coffin_bounding_shift_dim=\dimen140
\l__coffin_left_corner_dim=\dimen141
\l__coffin_right_corner_dim=\dimen142
\l__coffin_bottom_corner_dim=\dimen143
\l__coffin_top_corner_dim=\dimen144
\l__coffin_scaled_total_height_dim=\dimen145
\l__coffin_scaled_width_dim=\dimen146
L3 Module: l3luatex 2016/03/26 v6465 L3 Experimental LuaTeX-specific functions
) (/usr/local/texlive/2016/texmf-dist/tex/latex/l3kernel/l3dvips.def
File: l3dvips.def 2016/03/26 v6465 L3 Experimental driver: dvips
)) (/usr/local/texlive/2016/texmf-dist/tex/latex/l3packages/xparse/xparse.sty
Package: xparse 2016/05/18 v6512 L3 Experimental document command parser
\l__xparse_current_arg_int=\count114
\l__xparse_m_args_int=\count115
\l__xparse_mandatory_args_int=\count116
\l__xparse_processor_int=\count117
\l__xparse_v_nesting_int=\count118
)
Package: siunitx 2016/03/01 v2.6q A comprehensive (SI) units package
(/usr/local/texlive/2016/texmf-dist/tex/latex/amsmath/amstext.sty
Package: amstext 2000/06/29 v2.01 AMS text
(/usr/local/texlive/2016/texmf-dist/tex/latex/amsmath/amsgen.sty
File: amsgen.sty 1999/11/30 v2.0 generic functions
\@emptytoks=\toks20
\ex@=\dimen147
)) (/usr/local/texlive/2016/texmf-dist/tex/latex/l3packages/l3keys2e/l3keys2e.s
ty
Package: l3keys2e 2016/05/18 v6512 LaTeX2e option processing using LaTeX3 keys
)
\l__siunitx_tmp_box=\box44
\l__siunitx_tmp_dim=\dimen148
\l__siunitx_tmp_int=\count119
\l__siunitx_number_mantissa_length_int=\count120
\l__siunitx_number_uncert_length_int=\count121
\l__siunitx_round_int=\count122
\l__siunitx_process_decimal_int=\count123
\l__siunitx_process_uncertainty_int=\count124
\l__siunitx_process_fixed_int=\count125
\l__siunitx_process_integer_min_int=\count126
\l__siunitx_process_precision_int=\count127
\l__siunitx_group_min_int=\count128
\l__siunitx_angle_marker_box=\box45
\l__siunitx_angle_unit_box=\box46
\l__siunitx_angle_marker_dim=\dimen149
\l__siunitx_angle_unit_dim=\dimen150
\l__siunitx_unit_int=\count129
\l__siunitx_unit_denominator_int=\count130
\l__siunitx_unit_numerator_int=\count131
\l__siunitx_unit_prefix_int=\count132
\l__siunitx_unit_prefix_base_int=\count133
\l__siunitx_unit_prefix_gram_int=\count134
\l__siunitx_number_product_int=\count135
\c__siunitx_one_fill_skip=\skip52
\l__siunitx_table_unit_align_skip=\skip53
\l__siunitx_table_exponent_dim=\dimen151
\l__siunitx_table_integer_dim=\dimen152
\l__siunitx_table_mantissa_dim=\dimen153
\l__siunitx_table_marker_dim=\dimen154
\l__siunitx_table_result_dim=\dimen155
\l__siunitx_table_uncert_dim=\dimen156
\l__siunitx_table_fill_pre_dim=\dimen157
\l__siunitx_table_fill_post_dim=\dimen158
\l__siunitx_table_fill_mid_dim=\dimen159
\l__siunitx_table_pre_box=\box47
\l__siunitx_table_post_box=\box48
\l__siunitx_table_mantissa_box=\box49
\l__siunitx_table_result_box=\box50
\l__siunitx_table_number_align_skip=\skip54
\l__siunitx_table_text_align_skip=\skip55
.................................................
. LaTeX info: "xparse/define-command"
. 
. Defining command \DeclareBinaryPrefix with sig. 'mmm' on line 7218.
.................................................
.................................................
. LaTeX info: "xparse/define-command"
. 
. Defining command \DeclareSIPostPower with sig. 'mm' on line 7221.
.................................................
.................................................
. LaTeX info: "xparse/define-command"
. 
. Defining command \DeclareSIPrefix with sig. 'mmm' on line 7224.
.................................................
.................................................
. LaTeX info: "xparse/define-command"
. 
. Defining command \DeclareSIPrePower with sig. 'mm' on line 7227.
.................................................
.................................................
. LaTeX info: "xparse/define-command"
. 
. Defining command \DeclareSIQualifier with sig. 'mm' on line 7230.
.................................................
.................................................
. LaTeX info: "xparse/define-command"
. 
. Defining command \DeclareSIUnit with sig. 'O{}mm' on line 7233.
.................................................
.................................................
. LaTeX info: "xparse/define-command"
. 
. Defining command \DeclareSIUnitWithOptions with sig. 'mmm' on line 7236.
.................................................
.................................................
. LaTeX info: "xparse/define-command"
. 
. Defining command \ang with sig. 'o>{\SplitArgument {2}{;}}m' on line 7251.
.................................................
.................................................
. LaTeX info: "xparse/define-command"
. 
. Defining command \num with sig. 'om' on line 7260.
.................................................
.................................................
. LaTeX info: "xparse/define-command"
. 
. Defining command \numlist with sig. 'o>{\SplitList {;}}m' on line 7269.
.................................................
.................................................
. LaTeX info: "xparse/define-command"
. 
. Defining command \numrange with sig. 'omm' on line 7278.
.................................................
.................................................
. LaTeX info: "xparse/define-command"
. 
. Defining command \SIlist with sig. 'o>{\SplitList {;}}mm' on line 7290.
.................................................
.................................................
. LaTeX info: "xparse/define-command"
. 
. Defining command \SIrange with sig. 'ommm' on line 7302.
.................................................
.................................................
. LaTeX info: "xparse/define-command"
. 
. Defining command \SI with sig. 'omom' on line 7314.
.................................................
.................................................
. LaTeX info: "xparse/define-command"
. 
. Defining command \sisetup with sig. 'm' on line 7317.
.................................................
.................................................
. LaTeX info: "xparse/define-command"
. 
. Defining command \tablenum with sig. 'om' on line 7332.
.................................................
.................................................
. LaTeX info: "xparse/define-command"
. 
. Defining command \si with sig. 'om' on line 7344.
.................................................
.................................................
. LaTeX info: "xparse/define-command"
. 
. Defining command \__siunitx_bookmark_num:w with sig. 'om' on line 7391.
.................................................
.................................................
. LaTeX info: "xparse/define-command"
. 
. Defining command \__siunitx_bookmark_numrange:w with sig. 'omm' on line
. 7393.
.................................................
.................................................
. LaTeX info: "xparse/define-command"
. 
. Defining command \__siunitx_bookmark_SI:w with sig. 'omom' on line 7395.
.................................................
.................................................
. LaTeX info: "xparse/define-command"
. 
. Defining command \__siunitx_bookmark_SIlist:w with sig. 'omm' on line 7397.
.................................................
.................................................
. LaTeX info: "xparse/define-command"
. 
. Defining command \__siunitx_bookmark_SIrange:w with sig. 'ommm' on line
. 7399.
.................................................
.................................................
. LaTeX info: "xparse/define-command"
. 
. Defining command \__siunitx_bookmark_si:w with sig. 'om' on line 7400.
.................................................
\g__file_internal_ior=\read2
(/usr/local/texlive/2016/texmf-dist/tex/latex/beamer/translator/translator.sty
Package: translator 2010/06/12 ver 1.10

(/usr/local/texlive/2016/texmf-dist/tex/latex/beamer/translator/translator-lang
uage-mappings.tex))) (/usr/local/texlive/2016/texmf-dist/tex/latex/geometry/geo
metry.sty
Package: geometry 2010/09/12 v5.6 Page Geometry
(/usr/local/texlive/2016/texmf-dist/tex/generic/oberdiek/ifpdf.sty
Package: ifpdf 2016/05/14 v3.1 Provides the ifpdf switch
) (/usr/local/texlive/2016/texmf-dist/tex/generic/oberdiek/ifvtex.sty
Package: ifvtex 2016/05/16 v1.6 Detect VTeX and its facilities (HO)
Package ifvtex Info: VTeX not detected.
) (/usr/local/texlive/2016/texmf-dist/tex/generic/ifxetex/ifxetex.sty
Package: ifxetex 2010/09/12 v0.6 Provides ifxetex conditional
)
\Gm@cnth=\count136
\Gm@cntv=\count137
\c@Gm@tempcnt=\count138
\Gm@bindingoffset=\dimen160
\Gm@wd@mp=\dimen161
\Gm@odd@mp=\dimen162
\Gm@even@mp=\dimen163
\Gm@layoutwidth=\dimen164
\Gm@layoutheight=\dimen165
\Gm@layouthoffset=\dimen166
\Gm@layoutvoffset=\dimen167
\Gm@dimlist=\toks21
) (/usr/local/texlive/2016/texmf-dist/tex/latex/oberdiek/pdflscape.sty
Package: pdflscape 2016/05/14 v0.11 Display of landscape pages in PDF (HO)
(/usr/local/texlive/2016/texmf-dist/tex/latex/graphics/lscape.sty
Package: lscape 2000/10/22 v3.01 Landscape Pages (DPC)
)
Package pdflscape Info: Auto-detected driver: dvips (dvips) on input line 125.
(/usr/local/texlive/2016/texmf-dist/tex/generic/oberdiek/atbegshi.sty
Package: atbegshi 2016/05/16 v1.17 At begin shipout hook (HO)
(/usr/local/texlive/2016/texmf-dist/tex/generic/oberdiek/infwarerr.sty
Package: infwarerr 2016/05/16 v1.4 Providing info/warning/error messages (HO)
) (/usr/local/texlive/2016/texmf-dist/tex/generic/oberdiek/ltxcmds.sty
Package: ltxcmds 2016/05/16 v1.23 LaTeX kernel commands for general use (HO)
))) (/usr/local/texlive/2016/texmf-dist/tex/latex/mdframed/mdframed.sty
Package: mdframed 2013/07/01 1.9b: mdframed
(/usr/local/texlive/2016/texmf-dist/tex/latex/oberdiek/kvoptions.sty
Package: kvoptions 2016/05/16 v3.12 Key value format for package options (HO)
(/usr/local/texlive/2016/texmf-dist/tex/generic/oberdiek/kvsetkeys.sty
Package: kvsetkeys 2016/05/16 v1.17 Key value parser (HO)
(/usr/local/texlive/2016/texmf-dist/tex/generic/oberdiek/etexcmds.sty
Package: etexcmds 2016/05/16 v1.6 Avoid name clashes with e-TeX commands (HO)
(/usr/local/texlive/2016/texmf-dist/tex/generic/oberdiek/ifluatex.sty
Package: ifluatex 2016/05/16 v1.4 Provides the ifluatex switch (HO)
Package ifluatex Info: LuaTeX not detected.
)
Package etexcmds Info: Could not find \expanded.
(etexcmds)             That can mean that you are not using pdfTeX 1.50 or
(etexcmds)             that some package has redefined \expanded.
(etexcmds)             In the latter case, load this package earlier.
))) (/usr/local/texlive/2016/texmf-dist/tex/latex/etoolbox/etoolbox.sty
Package: etoolbox 2015/08/02 v2.2a e-TeX tools for LaTeX (JAW)
\etb@tempcnta=\count139
) (/usr/local/texlive/2016/texmf-dist/tex/latex/oberdiek/zref-abspage.sty
Package: zref-abspage 2016/05/16 v2.25 Module abspage for zref (HO)
(/usr/local/texlive/2016/texmf-dist/tex/latex/oberdiek/zref-base.sty
Package: zref-base 2016/05/16 v2.25 Module base for zref (HO)
(/usr/local/texlive/2016/texmf-dist/tex/generic/oberdiek/kvdefinekeys.sty
Package: kvdefinekeys 2016/05/16 v1.4 Define keys (HO)
) (/usr/local/texlive/2016/texmf-dist/tex/generic/oberdiek/pdftexcmds.sty
Package: pdftexcmds 2016/05/10 v0.21 Utility functions of pdfTeX for LuaTeX (HO
)
Package pdftexcmds Info: LuaTeX not detected.
Package pdftexcmds Info: \pdf@primitive is available.
Package pdftexcmds Info: \pdf@ifprimitive is available.
Package pdftexcmds Info: \pdfdraftmode is ignored in DVI mode.
) (/usr/local/texlive/2016/texmf-dist/tex/latex/oberdiek/auxhook.sty
Package: auxhook 2016/05/16 v1.4 Hooks for auxiliary files (HO)

Package auxhook Warning: Cannot patch \document,
(auxhook)                using \AtBeginDocument instead.

)
Package zref Info: New property list: main on input line 759.
Package zref Info: New property: default on input line 760.
Package zref Info: New property: page on input line 761.
)
\c@abspage=\count140
Package zref Info: New property: abspage on input line 62.
) (/usr/local/texlive/2016/texmf-dist/tex/latex/needspace/needspace.sty
Package: needspace 2010/09/12 v1.3d reserve vertical space
)
\mdf@templength=\skip56
\c@mdf@globalstyle@cnt=\count141
\mdf@skipabove@length=\skip57
\mdf@skipbelow@length=\skip58
\mdf@leftmargin@length=\skip59
\mdf@rightmargin@length=\skip60
\mdf@innerleftmargin@length=\skip61
\mdf@innerrightmargin@length=\skip62
\mdf@innertopmargin@length=\skip63
\mdf@innerbottommargin@length=\skip64
\mdf@splittopskip@length=\skip65
\mdf@splitbottomskip@length=\skip66
\mdf@outermargin@length=\skip67
\mdf@innermargin@length=\skip68
\mdf@linewidth@length=\skip69
\mdf@innerlinewidth@length=\skip70
\mdf@middlelinewidth@length=\skip71
\mdf@outerlinewidth@length=\skip72
\mdf@roundcorner@length=\skip73
\mdf@footenotedistance@length=\skip74
\mdf@userdefinedwidth@length=\skip75
\mdf@needspace@length=\skip76
\mdf@frametitleaboveskip@length=\skip77
\mdf@frametitlebelowskip@length=\skip78
\mdf@frametitlerulewidth@length=\skip79
\mdf@frametitleleftmargin@length=\skip80
\mdf@frametitlerightmargin@length=\skip81
\mdf@shadowsize@length=\skip82
\mdf@extratopheight@length=\skip83
\mdf@subtitleabovelinewidth@length=\skip84
\mdf@subtitlebelowlinewidth@length=\skip85
\mdf@subtitleaboveskip@length=\skip86
\mdf@subtitlebelowskip@length=\skip87
\mdf@subtitleinneraboveskip@length=\skip88
\mdf@subtitleinnerbelowskip@length=\skip89
\mdf@subsubtitleabovelinewidth@length=\skip90
\mdf@subsubtitlebelowlinewidth@length=\skip91
\mdf@subsubtitleaboveskip@length=\skip92
\mdf@subsubtitlebelowskip@length=\skip93
\mdf@subsubtitleinneraboveskip@length=\skip94
\mdf@subsubtitleinnerbelowskip@length=\skip95
(/usr/local/texlive/2016/texmf-dist/tex/latex/mdframed/md-frame-0.mdf
File: md-frame-0.mdf 2013/07/01\ 1.9b: md-frame-0
)
\mdf@frametitlebox=\box51
\mdf@footnotebox=\box52
\mdf@splitbox@one=\box53
\mdf@splitbox@two=\box54
\mdf@splitbox@save=\box55
\mdfsplitboxwidth=\skip96
\mdfsplitboxtotalwidth=\skip97
\mdfsplitboxheight=\skip98
\mdfsplitboxdepth=\skip99
\mdfsplitboxtotalheight=\skip100
\mdfframetitleboxwidth=\skip101
\mdfframetitleboxtotalwidth=\skip102
\mdfframetitleboxheight=\skip103
\mdfframetitleboxdepth=\skip104
\mdfframetitleboxtotalheight=\skip105
\mdffootnoteboxwidth=\skip106
\mdffootnoteboxtotalwidth=\skip107
\mdffootnoteboxheight=\skip108
\mdffootnoteboxdepth=\skip109
\mdffootnoteboxtotalheight=\skip110
\mdftotallinewidth=\skip111
\mdfboundingboxwidth=\skip112
\mdfboundingboxtotalwidth=\skip113
\mdfboundingboxheight=\skip114
\mdfboundingboxdepth=\skip115
\mdfboundingboxtotalheight=\skip116
\mdf@freevspace@length=\skip117
\mdf@horizontalwidthofbox@length=\skip118
\mdf@verticalmarginwhole@length=\skip119
\mdf@horizontalspaceofbox=\skip120
\mdfsubtitleheight=\skip121
\mdfsubsubtitleheight=\skip122
\c@mdfcountframes=\count142

****** mdframed patching \endmdf@trivlist

****** -- success******

.................................................
. LaTeX info: "xparse/define-command"
. 
. Defining command \newmdtheoremenv with sig. 'O{} m o m o ' on line 601.
.................................................
.................................................
. LaTeX info: "xparse/define-command"
. 
. Defining command \mdtheorem with sig. ' O{} m o m o ' on line 701.
.................................................
\mdf@envdepth=\count143
\c@mdf@env@i=\count144
\c@mdf@env@ii=\count145
\c@mdf@zref@counter=\count146
Package zref Info: New property: mdf@pagevalue on input line 895.
) (/usr/local/texlive/2016/texmf-dist/tex/latex/natbib/natbib.sty
Package: natbib 2010/09/13 8.31b (PWD, AO)
\bibhang=\skip123
\bibsep=\skip124
LaTeX Info: Redefining \cite on input line 694.
\c@NAT@ctr=\count147
) (/usr/local/texlive/2016/texmf-dist/tex/latex/caption/caption.sty
Package: caption 2016/02/21 v3.3-144 Customizing captions (AR)
(/usr/local/texlive/2016/texmf-dist/tex/latex/caption/caption3.sty
Package: caption3 2016/02/04 v1.7-139 caption3 kernel (AR)
Package caption3 Info: TeX engine: e-TeX on input line 67.
\captionmargin=\dimen168
\captionmargin@=\dimen169
\captionwidth=\dimen170
\caption@tempdima=\dimen171
\caption@indent=\dimen172
\caption@parindent=\dimen173
\caption@hangindent=\dimen174
)
\c@ContinuedFloat=\count148
Package caption Info: float package is loaded.
) (/usr/local/texlive/2016/texmf-dist/tex/latex/lineno/lineno.sty
Package: lineno 2005/11/02 line numbers on paragraphs v4.41
\linenopenalty=\count149
\output=\toks22
\linenoprevgraf=\count150
\linenumbersep=\dimen175
\linenumberwidth=\dimen176
\c@linenumber=\count151
\c@pagewiselinenumber=\count152
\c@LN@truepage=\count153
\c@internallinenumber=\count154
\c@internallinenumbers=\count155
\quotelinenumbersep=\dimen177
\bframerule=\dimen178
\bframesep=\dimen179
\bframebox=\box56
LaTeX Info: Redefining \\ on input line 3056.
) (/usr/local/texlive/2016/texmf-dist/tex/latex/upquote/upquote.sty
Package: upquote 2012/04/19 v1.3 upright-quote and grave-accent glyphs in verba
tim
) (/usr/local/texlive/2016/texmf-dist/tex/generic/tex4ht/tex4ht.4ht
version 2009-01-07-07:11
--------------------------------------
--- Note --- for additional information, use the command line option `info'
--------------------------------------
::::::::::::::::::::::::::::::::::::::::::
 TeX4ht info is available in the log file 
::::::::::::::::::::::::::::::::::::::::::
) (/usr/local/texlive/2016/texmf-dist/tex/generic/tex4ht/tex4ht.sty
version 2008-10-27-17:23
--- needs --- tex4ht RethinkingFS_TranstoWord ---
\tmp:cnt=\count156
\openout15 = `RethinkingFS_TranstoWord.tmp'.

(./RethinkingFS_TranstoWord.tmp)
\tmp:dim=\skip125
(./RethinkingFS_TranstoWord.xref)
\:refout=\write4
\openout4 = `RethinkingFS_TranstoWord.xref'.

(/usr/local/texlive/2016/texmf-dist/tex/generic/tex4ht/ooffice.4ht
version 2016-03-31-11:13
) (/usr/local/texlive/2016/texmf-dist/tex/generic/tex4ht/unicode.4ht
version 2015-01-20-08:10
) (/usr/local/texlive/2016/texmf-dist/tex/generic/tex4ht/mathml.4ht
version 2015-02-13-16:39
) (/usr/local/texlive/2016/texmf-dist/tex/generic/tex4ht/ooffice-mml.4ht
version 2009-06-11-09:32
)
--------------------------------------
--- Note --- for marking of the base font, use the command line option `fonts+'

--------------------------------------
--------------------------------------
--- Note --- for non active _, use the command line option `no_'
--------------------------------------
--------------------------------------
--- Note --- for _ of catcode 13, use the command line option `_13'
--------------------------------------
--------------------------------------
--- Note --- for non active ^, use the command line option `no^'
--------------------------------------
--------------------------------------
--- Note --- for ^ of catcode 13, use the command line option `^13'
--------------------------------------
(/usr/local/texlive/2016/texmf-dist/tex/generic/tex4ht/ooffice.4ht
version 2016-03-31-11:13
--------------------------------------
--- Note --- To print a timestamp, use the command line option timestamp
--------------------------------------
--------------------------------------
--- Note --- for end notes instead of footnotes, use the command line option `e
ndnotes'
--------------------------------------
--------------------------------------
--- Note --- to request links from the tables of contents, use the command line
 option from `TocLink'
--------------------------------------
) (/usr/local/texlive/2016/texmf-dist/tex/generic/tex4ht/unicode.4ht
version 2015-01-20-08:10
) (/usr/local/texlive/2016/texmf-dist/tex/generic/tex4ht/mathml.4ht
version 2015-02-13-16:39
) (/usr/local/texlive/2016/texmf-dist/tex/generic/tex4ht/ooffice-mml.4ht
version 2009-06-11-09:32
)
\:tokwrite=\toks23
\:tokpage=\toks24
--------------------------------------
--- Note --- for back links to toc, use the command line option `sections+'
--------------------------------------
--------------------------------------
--- Note --- for linear crosslinks of pages, use the command line option `next'

--------------------------------------
\openout15 = `RethinkingFS_TranstoWord.4ct'.

\:tocout=\write5
\openout5 = `RethinkingFS_TranstoWord.4tc'.

(/usr/local/texlive/2016/texmf-dist/tex/generic/tex4ht/ooffice.4ht
version 2016-03-31-11:13
) (/usr/local/texlive/2016/texmf-dist/tex/generic/tex4ht/unicode.4ht
version 2015-01-20-08:10
) (/usr/local/texlive/2016/texmf-dist/tex/generic/tex4ht/mathml.4ht
version 2015-02-13-16:39
) (/usr/local/texlive/2016/texmf-dist/tex/generic/tex4ht/ooffice-mml.4ht
version 2009-06-11-09:32
) (/usr/local/texlive/2016/texmf-dist/tex/generic/tex4ht/latex.4ht
version 2009-05-21-09:32
(/usr/local/texlive/2016/texmf-dist/tex/generic/tex4ht/ooffice.4ht
version 2016-03-31-11:13
--------------------------------------
--- Note --- for enumerated list elements with valued data, use the command lin
e option `enumerate+'
--------------------------------------
--------------------------------------
--- Note --- to hide clickable index and bibliography references use the comman
d line option `hidden-ref'
--------------------------------------
\tmp:bx=\box57
) (/usr/local/texlive/2016/texmf-dist/tex/generic/tex4ht/unicode.4ht
version 2015-01-20-08:10
) (/usr/local/texlive/2016/texmf-dist/tex/generic/tex4ht/mathml.4ht
version 2015-02-13-16:39
) (/usr/local/texlive/2016/texmf-dist/tex/generic/tex4ht/ooffice-mml.4ht
version 2009-06-11-09:32
--------------------------------------
--- Note --- for tab-based layoutof equation environment use the command line o
ption `tab-eq'
--------------------------------------
)) (/usr/local/texlive/2016/texmf-dist/tex/generic/tex4ht/fontmath.4ht
version 2009-05-21-09:32
(/usr/local/texlive/2016/texmf-dist/tex/generic/tex4ht/ooffice.4ht
version 2016-03-31-11:13
) (/usr/local/texlive/2016/texmf-dist/tex/generic/tex4ht/unicode.4ht
version 2015-01-20-08:10
) (/usr/local/texlive/2016/texmf-dist/tex/generic/tex4ht/mathml.4ht
version 2015-02-13-16:39
[1

]
LaTeX Font Info:    External font `cmex10' loaded for size
(Font)              <7> on input line 1370.
LaTeX Font Info:    External font `cmex10' loaded for size
(Font)              <5> on input line 1370.
[2] [3] [4] [5] [6] [7] [8] [9] [10] [11] [12] [13] [14] [15] [16] [17] [18] [1
9] [20] [21] [22] [23] [24] [25] [26] [27] [28] [29] [30] [31] [32] [33] [34] [
35] [36] [37] [38] [39] [40] [41] [42] [43] [44] [45] [46] [47] [48]
--------------------------------------
--- Note --- for sources failing to produce clean mathml code, try the command 
line option `mathml-'
--------------------------------------
[49] [50] [51] [52] [53]) (/usr/local/texlive/2016/texmf-dist/tex/generic/tex4h
t/ooffice-mml.4ht
version 2009-06-11-09:32
)) (/usr/local/texlive/2016/texmf-dist/tex/generic/tex4ht/article.4ht
version 2009-05-21-09:32
(/usr/local/texlive/2016/texmf-dist/tex/generic/tex4ht/ooffice.4ht
version 2016-03-31-11:13
--------------------------------------
--- Note --- for a degraded bibliography friendlier for conversion to .doc, use
 the command line option `bib-'
--------------------------------------
) (/usr/local/texlive/2016/texmf-dist/tex/generic/tex4ht/unicode.4ht
version 2015-01-20-08:10
) (/usr/local/texlive/2016/texmf-dist/tex/generic/tex4ht/mathml.4ht
version 2015-02-13-16:39
) (/usr/local/texlive/2016/texmf-dist/tex/generic/tex4ht/ooffice-mml.4ht
version 2009-06-11-09:32
)) (/usr/local/texlive/2016/texmf-dist/tex/generic/tex4ht/graphicx.4ht
version 2015-08-05-15:37
(/usr/local/texlive/2016/texmf-dist/tex/generic/tex4ht/ooffice.4ht
version 2016-03-31-11:13
) (/usr/local/texlive/2016/texmf-dist/tex/generic/tex4ht/unicode.4ht
version 2015-01-20-08:10
) (/usr/local/texlive/2016/texmf-dist/tex/generic/tex4ht/mathml.4ht
version 2015-02-13-16:39
) (/usr/local/texlive/2016/texmf-dist/tex/generic/tex4ht/ooffice-mml.4ht
version 2009-06-11-09:32
)) (/usr/local/texlive/2016/texmf-dist/tex/generic/tex4ht/graphics.4ht
version 2009-05-21-09:32
(/usr/local/texlive/2016/texmf-dist/tex/generic/tex4ht/ooffice.4ht
version 2016-03-31-11:13
) (/usr/local/texlive/2016/texmf-dist/tex/generic/tex4ht/unicode.4ht
version 2015-01-20-08:10
) (/usr/local/texlive/2016/texmf-dist/tex/generic/tex4ht/mathml.4ht
version 2015-02-13-16:39
) (/usr/local/texlive/2016/texmf-dist/tex/generic/tex4ht/ooffice-mml.4ht
version 2009-06-11-09:32
)) (/usr/local/texlive/2016/texmf-dist/tex/generic/tex4ht/dvips.4ht
version 2009-05-21-09:32
(/usr/local/texlive/2016/texmf-dist/tex/generic/tex4ht/ooffice.4ht
version 2016-03-31-11:13
) (/usr/local/texlive/2016/texmf-dist/tex/generic/tex4ht/unicode.4ht
version 2015-01-20-08:10
) (/usr/local/texlive/2016/texmf-dist/tex/generic/tex4ht/mathml.4ht
version 2015-02-13-16:39
) (/usr/local/texlive/2016/texmf-dist/tex/generic/tex4ht/ooffice-mml.4ht
version 2009-06-11-09:32
)) (/usr/local/texlive/2016/texmf-dist/tex/generic/tex4ht/color.4ht
version 2009-05-21-09:32
(/usr/local/texlive/2016/texmf-dist/tex/generic/tex4ht/ooffice.4ht
version 2016-03-31-11:13
) (/usr/local/texlive/2016/texmf-dist/tex/generic/tex4ht/unicode.4ht
version 2015-01-20-08:10
) (/usr/local/texlive/2016/texmf-dist/tex/generic/tex4ht/mathml.4ht
version 2015-02-13-16:39
) (/usr/local/texlive/2016/texmf-dist/tex/generic/tex4ht/ooffice-mml.4ht
version 2009-06-11-09:32
)) (/usr/local/texlive/2016/texmf-dist/tex/generic/tex4ht/dvipsnam.4ht
version 2009-05-21-09:32
(/usr/local/texlive/2016/texmf-dist/tex/latex/graphics/dvipsnam.def) (/usr/loca
l/texlive/2016/texmf-dist/tex/generic/tex4ht/ooffice.4ht
version 2016-03-31-11:13
) (/usr/local/texlive/2016/texmf-dist/tex/generic/tex4ht/unicode.4ht
version 2015-01-20-08:10
) (/usr/local/texlive/2016/texmf-dist/tex/generic/tex4ht/mathml.4ht
version 2015-02-13-16:39
) (/usr/local/texlive/2016/texmf-dist/tex/generic/tex4ht/ooffice-mml.4ht
version 2009-06-11-09:32
)) (/usr/local/texlive/2016/texmf-dist/tex/generic/tex4ht/alltt.4ht
version 2009-05-21-09:32
(/usr/local/texlive/2016/texmf-dist/tex/generic/tex4ht/ooffice.4ht
version 2016-03-31-11:13
) (/usr/local/texlive/2016/texmf-dist/tex/generic/tex4ht/unicode.4ht
version 2015-01-20-08:10
) (/usr/local/texlive/2016/texmf-dist/tex/generic/tex4ht/mathml.4ht
version 2015-02-13-16:39
) (/usr/local/texlive/2016/texmf-dist/tex/generic/tex4ht/ooffice-mml.4ht
version 2009-06-11-09:32
)) (/usr/local/texlive/2016/texmf-dist/tex/generic/tex4ht/ifthen.4ht
version 2009-05-21-09:32
(/usr/local/texlive/2016/texmf-dist/tex/generic/tex4ht/ooffice.4ht
version 2016-03-31-11:13
) (/usr/local/texlive/2016/texmf-dist/tex/generic/tex4ht/unicode.4ht
version 2015-01-20-08:10
) (/usr/local/texlive/2016/texmf-dist/tex/generic/tex4ht/mathml.4ht
version 2015-02-13-16:39
) (/usr/local/texlive/2016/texmf-dist/tex/generic/tex4ht/ooffice-mml.4ht
version 2009-06-11-09:32
)) (/usr/local/texlive/2016/texmf-dist/tex/generic/tex4ht/fancyvrb.4ht
version 2009-05-21-09:32
(/usr/local/texlive/2016/texmf-dist/tex/generic/tex4ht/ooffice.4ht
version 2016-03-31-11:13
) (/usr/local/texlive/2016/texmf-dist/tex/generic/tex4ht/unicode.4ht
version 2015-01-20-08:10
) (/usr/local/texlive/2016/texmf-dist/tex/generic/tex4ht/mathml.4ht
version 2015-02-13-16:39
) (/usr/local/texlive/2016/texmf-dist/tex/generic/tex4ht/ooffice-mml.4ht
version 2009-06-11-09:32
)) (/usr/local/texlive/2016/texmf-dist/tex/generic/tex4ht/float.4ht
version 2009-05-21-09:32
(/usr/local/texlive/2016/texmf-dist/tex/generic/tex4ht/ooffice.4ht
version 2016-03-31-11:13
) (/usr/local/texlive/2016/texmf-dist/tex/generic/tex4ht/unicode.4ht
version 2015-01-20-08:10
) (/usr/local/texlive/2016/texmf-dist/tex/generic/tex4ht/mathml.4ht
version 2015-02-13-16:39
) (/usr/local/texlive/2016/texmf-dist/tex/generic/tex4ht/ooffice-mml.4ht
version 2009-06-11-09:32
)) (/usr/local/texlive/2016/texmf-dist/tex/generic/tex4ht/tabularx.4ht
version 2009-05-21-09:32
(/usr/local/texlive/2016/texmf-dist/tex/generic/tex4ht/ooffice.4ht
version 2016-03-31-11:13
) (/usr/local/texlive/2016/texmf-dist/tex/generic/tex4ht/unicode.4ht
version 2015-01-20-08:10
) (/usr/local/texlive/2016/texmf-dist/tex/generic/tex4ht/mathml.4ht
version 2015-02-13-16:39
) (/usr/local/texlive/2016/texmf-dist/tex/generic/tex4ht/ooffice-mml.4ht
version 2009-06-11-09:32
)) (/usr/local/texlive/2016/texmf-dist/tex/generic/tex4ht/array.4ht
version 2009-05-21-09:32
(/usr/local/texlive/2016/texmf-dist/tex/generic/tex4ht/ooffice.4ht
version 2016-03-31-11:13
) (/usr/local/texlive/2016/texmf-dist/tex/generic/tex4ht/unicode.4ht
version 2015-01-20-08:10
) (/usr/local/texlive/2016/texmf-dist/tex/generic/tex4ht/mathml.4ht
version 2015-02-13-16:39
) (/usr/local/texlive/2016/texmf-dist/tex/generic/tex4ht/ooffice-mml.4ht
version 2009-06-11-09:32
)) (/usr/local/texlive/2016/texmf-dist/tex/generic/tex4ht/amstext.4ht
version 2009-05-21-09:32
(/usr/local/texlive/2016/texmf-dist/tex/generic/tex4ht/ooffice.4ht
version 2016-03-31-11:13
) (/usr/local/texlive/2016/texmf-dist/tex/generic/tex4ht/unicode.4ht
version 2015-01-20-08:10
) (/usr/local/texlive/2016/texmf-dist/tex/generic/tex4ht/mathml.4ht
version 2015-02-13-16:39
) (/usr/local/texlive/2016/texmf-dist/tex/generic/tex4ht/ooffice-mml.4ht
version 2009-06-11-09:32
)) (/usr/local/texlive/2016/texmf-dist/tex/generic/tex4ht/natbib.4ht
version 2013-01-19-12:33
(/usr/local/texlive/2016/texmf-dist/tex/generic/tex4ht/ooffice.4ht
version 2016-03-31-11:13
) (/usr/local/texlive/2016/texmf-dist/tex/generic/tex4ht/unicode.4ht
version 2015-01-20-08:10
) (/usr/local/texlive/2016/texmf-dist/tex/generic/tex4ht/mathml.4ht
version 2015-02-13-16:39
) (/usr/local/texlive/2016/texmf-dist/tex/generic/tex4ht/ooffice-mml.4ht
version 2009-06-11-09:32
)) (/usr/local/texlive/2016/texmf-dist/tex/generic/tex4ht/caption.4ht
version 2013-03-03-19:41
(/usr/local/texlive/2016/texmf-dist/tex/generic/tex4ht/ooffice.4ht
version 2016-03-31-11:13
) (/usr/local/texlive/2016/texmf-dist/tex/generic/tex4ht/unicode.4ht
version 2015-01-20-08:10
) (/usr/local/texlive/2016/texmf-dist/tex/generic/tex4ht/mathml.4ht
version 2015-02-13-16:39
) (/usr/local/texlive/2016/texmf-dist/tex/generic/tex4ht/ooffice-mml.4ht
version 2009-06-11-09:32
)) (/usr/local/texlive/2016/texmf-dist/tex/generic/tex4ht/lineno.4ht
version 2009-05-21-09:32
(/usr/local/texlive/2016/texmf-dist/tex/generic/tex4ht/ooffice.4ht
version 2016-03-31-11:13
l.14821 --- TeX4ht warning --- The line numbers are commented out. To reintrodu
ce them, use the \Configure{lineno}{...}{...} command ---
) (/usr/local/texlive/2016/texmf-dist/tex/generic/tex4ht/unicode.4ht
version 2015-01-20-08:10
) (/usr/local/texlive/2016/texmf-dist/tex/generic/tex4ht/mathml.4ht
version 2015-02-13-16:39
) (/usr/local/texlive/2016/texmf-dist/tex/generic/tex4ht/ooffice-mml.4ht
version 2009-06-11-09:32
)) (/usr/local/texlive/2016/texmf-dist/tex/generic/tex4ht/ooffice.4ht
version 2016-03-31-11:13
) (/usr/local/texlive/2016/texmf-dist/tex/generic/tex4ht/unicode.4ht
version 2015-01-20-08:10
) (/usr/local/texlive/2016/texmf-dist/tex/generic/tex4ht/mathml.4ht
version 2015-02-13-16:39
) (/usr/local/texlive/2016/texmf-dist/tex/generic/tex4ht/ooffice-mml.4ht
version 2009-06-11-09:32
)) (./RethinkingFS_TranstoWord.aux)
\openout1 = `RethinkingFS_TranstoWord.aux'.

LaTeX Font Info:    Checking defaults for OML/cmm/m/it on input line 89.
LaTeX Font Info:    ... okay on input line 89.
LaTeX Font Info:    Checking defaults for T1/cmr/m/n on input line 89.
LaTeX Font Info:    ... okay on input line 89.
LaTeX Font Info:    Checking defaults for OT1/cmr/m/n on input line 89.
LaTeX Font Info:    ... okay on input line 89.
LaTeX Font Info:    Checking defaults for OMS/cmsy/m/n on input line 89.
LaTeX Font Info:    ... okay on input line 89.
LaTeX Font Info:    Checking defaults for OMX/cmex/m/n on input line 89.
LaTeX Font Info:    ... okay on input line 89.
LaTeX Font Info:    Checking defaults for U/cmr/m/n on input line 89.
LaTeX Font Info:    ... okay on input line 89.
LaTeX Font Info:    Checking defaults for TS1/cmr/m/n on input line 89.
LaTeX Font Info:    Try loading font information for TS1+cmr on input line 89.
(/usr/local/texlive/2016/texmf-dist/tex/latex/base/ts1cmr.fd
File: ts1cmr.fd 2014/09/29 v2.5h Standard LaTeX font definitions
)
LaTeX Font Info:    ... okay on input line 89.

(/usr/local/texlive/2016/texmf-dist/tex/latex/beamer/translator/dicts/translato
r-basic-dictionary/translator-basic-dictionary-English.dict
Dictionary: translator-basic-dictionary, Language: English 
)
(/usr/local/texlive/2016/texmf-dist/tex/latex/siunitx/siunitx-abbreviations.cfg
File: siunitx-abbreviations.cfg 2016/03/01 v2.6q siunitx: Abbreviated units
)
*geometry* driver: auto-detecting
*geometry* detected driver: dvips
*geometry* verbose mode - [ preamble ] result:
* driver: dvips
* paper: <default>
* layout: <same size as paper>
* layoutoffset:(h,v)=(0.0pt,0.0pt)
* modes: 
* h-part:(L,W,R)=(92.14519pt, 430.00462pt, 92.14519pt)
* v-part:(T,H,B)=(95.39737pt, 556.47656pt, 143.09605pt)
* \paperwidth=614.295pt
* \paperheight=794.96999pt
* \textwidth=472.03111pt
* \textheight=624.25352pt
* \oddsidemargin=0.0pt
* \evensidemargin=0.0pt
* \topmargin=-42.67912pt
* \headheight=12.0pt
* \headsep=25.0pt
* \topskip=10.0pt
* \footskip=30.0pt
* \marginparwidth=65.0pt
* \marginparsep=11.0pt
* \columnsep=10.0pt
* \skip\footins=9.0pt plus 4.0pt minus 2.0pt
* \hoffset=0.0pt
* \voffset=0.0pt
* \mag=1000
* \@twocolumnfalse
* \@twosidefalse
* \@mparswitchfalse
* \@reversemarginfalse
* (1in=72.27pt=25.4mm, 1cm=28.453pt)

\AtBeginShipoutBox=\box58
Package caption Info: Begin \AtBeginDocument code.
Package caption Info: Incompatible package detected (regarding \caption).
(caption)             \caption = macro:->\:CheckOption {refcaption}\if:Option \
SkipRefstepAnchor \fi \refstepcounter \@captype \@dblarg {\@caption \@captype }
.
Package caption Info: Incompatible package detected (regarding \@caption).
(caption)             \@caption = macro:->\ifx \EndPicture \:UnDef \expandafter
 \n:@caption: \else \expandafter \o:@caption: \fi .

Package caption Warning: \caption will not be redefined since it's already
(caption)                redefined by a document class or package which is
(caption)                unknown to the caption package.
See the caption package documentation for explanation.

Package caption Info: End \AtBeginDocument code.
\c__siunitx_mathsf_int=\count157
--- file RethinkingFS_TranstoWord-m2.4om ---
\c__siunitx_mathtt_int=\count158
--- file RethinkingFS_TranstoWord-m3.4om ---
--- file RethinkingFS_TranstoWord-m4.4om ---
[1]
--- file RethinkingFS_TranstoWord-m5.4om ---
[2

]
--- file RethinkingFS_TranstoWord-m6.4om ---
[3

]
--- file RethinkingFS_TranstoWord-m7.4om ---
[4

]
--- file RethinkingFS_TranstoWord-m8.4om ---
[5

]
--- file RethinkingFS_TranstoWord-m9.4om ---
[6

]
--- file RethinkingFS_TranstoWord-m10.4om ---
[7

]
--- file RethinkingFS_TranstoWord-m11.4om ---
[8

]
--- file RethinkingFS_TranstoWord-m12.4om ---
[9

]
--- file RethinkingFS_TranstoWord-m13.4om ---
[10

] [11

]
LaTeX Font Info:    Try loading font information for T1+aett on input line 122.

(/usr/local/texlive/2016/texmf-dist/tex/latex/ae/t1aett.fd
File: t1aett.fd 1997/11/16 Font definitions for T1/aett.
)

Package natbib Warning: Citation `Gu2008' on page 12 undefined on input line 12
9.


Package natbib Warning: Citation `Hufkens2012' on page 12 undefined on input li
ne 129.


Package natbib Warning: Citation `Knudson2012' on page 12 undefined on input li
ne 129.


Package natbib Warning: Citation `Ault2013' on page 12 undefined on input line 
129.


Package natbib Warning: Citation `Inouye2008' on page 12 undefined on input lin
e 131.


Package natbib Warning: Citation `Martin2010' on page 12 undefined on input lin
e 131.


Package natbib Warning: Citation `Gu2008' on page 12 undefined on input line 13
1.


Package natbib Warning: Citation `Augspurger2009' on page 12 undefined on input
 line 131.


Package natbib Warning: Citation `Augspurger2013' on page 12 undefined on input
 line 131.


Package natbib Warning: Citation `Menzel2015' on page 12 undefined on input lin
e 131.


Package natbib Warning: Citation `Ault2013' on page 12 undefined on input line 
131.


Package natbib Warning: Citation `Allstadt2015' on page 12 undefined on input l
ine 131.


Package natbib Warning: Citation `Muffler2016' on page 12 undefined on input li
ne 131.


Package natbib Warning: Citation `Xin2016' on page 12 undefined on input line 1
31.


Package natbib Warning: Citation `Vitra2017' on page 12 undefined on input line
 131.

[12]

Package natbib Warning: Citation `Ludlum1968' on page 13 undefined on input lin
e 139.


Package natbib Warning: Citation `Mock2007' on page 13 undefined on input line 
139.


Package natbib Warning: Citation `Taschler2004' on page 13 undefined on input l
ine 139.


Package natbib Warning: Citation `Lenz2013' on page 13 undefined on input line 
139.


Package natbib Warning: Citation `Vitasse2014a' on page 13 undefined on input l
ine 139.

[13]

Package natbib Warning: Citation `Gu2008' on page 14 undefined on input line 14
3.


Package natbib Warning: Citation `Augspurger2013' on page 14 undefined on input
 line 143.

--- file RethinkingFS_TranstoWord-m14.4om ---
[14]

Package natbib Warning: Citation `Schwartz1993' on page 15 undefined on input l
ine 143.


Package natbib Warning: Citation `Marino2011' on page 15 undefined on input lin
e 143.

--- file RethinkingFS_TranstoWord-m15.4om ---
[15

]

Package natbib Warning: Citation `Peterson2014' on page 16 undefined on input l
ine 147.


Package natbib Warning: Citation `Okeefe2014' on page 16 undefined on input lin
e 149.


Package natbib Warning: Citation `Richardson2015' on page 16 undefined on input
 line 149.


Package natbib Warning: Citation `USA-NPN2016' on page 16 undefined on input li
ne 149.


Package natbib Warning: Citation `Richardson2009' on page 16 undefined on input
 line 153.


Package natbib Warning: Citation `Xin2016' on page 16 undefined on input line 1
53.


Package natbib Warning: Citation `Ault2015' on page 16 undefined on input line 
153.

[16

]

Package natbib Warning: Citation `Marino2011' on page 17 undefined on input lin
e 155.


Package natbib Warning: Citation `Peterson2014' on page 17 undefined on input l
ine 155.


Package natbib Warning: Citation `Allstadt2015' on page 17 undefined on input l
ine 155.


Package natbib Warning: Citation `Mehdipoor2017' on page 17 undefined on input 
line 155.


Package natbib Warning: Citation `Edwards2017' on page 17 undefined on input li
ne 158.


Package natbib Warning: Citation `Prozherina2003' on page 17 undefined on input
 line 158.


Package natbib Warning: Citation `Agrawal2004' on page 17 undefined on input li
ne 158.


Package natbib Warning: Citation `Chuine2010' on page 17 undefined on input lin
e 161.


Package natbib Warning: Citation `Kollas2014' on page 17 undefined on input lin
e 161.


Package natbib Warning: Citation `Charrier2011' on page 17 undefined on input l
ine 162.


Package natbib Warning: Citation `Basler2012' on page 17 undefined on input lin
e 163.


Package natbib Warning: Citation `Basler2014' on page 17 undefined on input lin
e 163.

[17]

Package natbib Warning: Citation `Augspurger2009' on page 18 undefined on input
 line 168.


Package natbib Warning: Citation `Lenz2013' on page 18 undefined on input line 
168.


Package natbib Warning: Citation `Vitasse2014' on page 18 undefined on input li
ne 168.


Package natbib Warning: Citation `Xie2015' on page 18 undefined on input line 1
68.


Package natbib Warning: Citation `Lenz2016' on page 18 undefined on input line 
170.


Package natbib Warning: Citation `Augspurger2009' on page 18 undefined on input
 line 170.

[18]

Package natbib Warning: Citation `Chuine2010' on page 19 undefined on input lin
e 174.


Package natbib Warning: Citation `Flynn2018' on page 19 undefined on input line
 174.

--- file RethinkingFS_TranstoWord-m16.4om ---
[19]
--- file RethinkingFS_TranstoWord-m17.4om ---
[20

]
--- file RethinkingFS_TranstoWord-m18.4om ---
[21

]
--- file RethinkingFS_TranstoWord-m19.4om ---
[22

]
--- file RethinkingFS_TranstoWord-m20.4om ---
[23

]

Package natbib Warning: Citation `IPCC2014' on page 24 undefined on input line 
176.


Package natbib Warning: Citation `Cleland2006' on page 24 undefined on input li
ne 179.


Package natbib Warning: Citation `Fu2015' on page 24 undefined on input line 17
9.


Package natbib Warning: Citation `Xin2016' on page 24 undefined on input line 1
79.


Package natbib Warning: Citation `Augspurger2009' on page 24 undefined on input
 line 180.


Package natbib Warning: Citation `Dolezal2016' on page 24 undefined on input li
ne 180.

[24

]

Package natbib Warning: Citation `Partanen2004' on page 25 undefined on input l
ine 183.


Package natbib Warning: Citation `Viheraaarnio2006' on page 25 undefined on inp
ut line 183.


Package natbib Warning: Citation `Caffarra2011' on page 25 undefined on input l
ine 183.


Package natbib Warning: Citation `Basler2012' on page 25 undefined on input lin
e 183.


Package natbib Warning: Citation `Laube2013' on page 25 undefined on input line
 183.


Package natbib Warning: Citation `Zohner2016' on page 25 undefined on input lin
e 186.


Package natbib Warning: Citation `Gauzere2017' on page 25 undefined on input li
ne 186.


Package natbib Warning: Citation `Myking2007' on page 25 undefined on input lin
e 186.


Package natbib Warning: Citation `Harrington2015' on page 25 undefined on input
 line 186.


Package natbib Warning: Citation `Aitken2015' on page 25 undefined on input lin
e 186.


Package natbib Warning: Citation `Myking2007' on page 25 undefined on input lin
e 186.

[25]

Package natbib Warning: Citation `Gu2008' on page 26 undefined on input line 19
2.


Package natbib Warning: Citation `Inouye2008' on page 26 undefined on input lin
e 192.


Package natbib Warning: Citation `Liu2018' on page 26 undefined on input line 1
92.


Package natbib Warning: Citation `Soudani2012' undefined on input line 197.


Package natbib Warning: Citation `White2009' undefined on input line 198.


Package natbib Warning: Citation `Schaber2005' undefined on input line 199.


Package natbib Warning: Citation `Schwartz1993' undefined on input line 200.


Package natbib Warning: Citation `Barker2005' undefined on input line 201.


Package natbib Warning: Citation `Sanchez2013' undefined on input line 202.


Package natbib Warning: Citation `Longstroth2012' undefined on input line 203.


Package natbib Warning: Citation `Barlow2015' undefined on input line 204.


Package natbib Warning: Citation `Longstroth2013' undefined on input line 205.


Package natbib Warning: Citation `Charrier2011' undefined on input line 206.

No file RethinkingFS_TranstoWord.bbl.
[26] [27

]

! LaTeX Error: File `figure/fsifig-1' not found.

See the LaTeX manual or LaTeX Companion for explanation.
Type  H <return>  for immediate help.
 ...                                              
                                                  
l.212 ...raphics[width=\maxwidth]{figure/fsifig-1}
                                                  
I could not locate the file with any of these extensions:
.eps,.ps,.eps.gz,.ps.gz,.eps.Z,.mps
Try typing  <return>  to proceed.
If that doesn't work, type  X <return>  to quit.

[28

] [29

] [30

]

! LaTeX Error: File `figure/temp-1' not found.

See the LaTeX manual or LaTeX Companion for explanation.
Type  H <return>  for immediate help.
 ...                                              
                                                  
l.223 ...egraphics[width=\maxwidth]{figure/temp-1}
                                                  
I could not locate the file with any of these extensions:
.eps,.ps,.eps.gz,.ps.gz,.eps.Z,.mps
Try typing  <return>  to proceed.
If that doesn't work, type  X <return>  to quit.

[31

] [32

] [33

]

! LaTeX Error: File `figure/risk-1' not found.

See the LaTeX manual or LaTeX Companion for explanation.
Type  H <return>  for immediate help.
 ...                                              
                                                  
l.235 ...egraphics[width=\maxwidth]{figure/risk-1}
                                                  
I could not locate the file with any of these extensions:
.eps,.ps,.eps.gz,.ps.gz,.eps.Z,.mps
Try typing  <return>  to proceed.
If that doesn't work, type  X <return>  to quit.

[34

] [35

] [36

]
l. 247 Writing RethinkingFS_TranstoWord.idv[1] (RethinkingFS_TranstoWord0x.png)

! Undefined control sequence.
\a:IMG ->\ht:special {t4ht>\imgFullName 
                                        .4og}\ht:special {t4ht*>}\ht:special...
l.247 ...cm]{..//figure/DVR_diffplots_nophoto.pdf}
                                                  
The control sequence at the end of the top line
of your error message was never \def'ed. If you have
misspelled it (e.g., `\hobx'), type `I' and the correct
spelling (e.g., `I\hbox'). Otherwise just continue,
and I'll forget about whatever was undefined.

! Undefined control sequence.
\a:IMG ... {t4ht*>}\ht:special {t4ht<\imgFullName 
                                                  .4og}\OOmanifest {<manifes...
l.247 ...cm]{..//figure/DVR_diffplots_nophoto.pdf}
                                                  
The control sequence at the end of the top line
of your error message was never \def'ed. If you have
misspelled it (e.g., `\hobx'), type `I' and the correct
spelling (e.g., `I\hbox'). Otherwise just continue,
and I'll forget about whatever was undefined.

! Undefined control sequence.
<argument> ...st:full-path="Pictures/\imgBaseName 
                                                  "/>\Hnewline 
l.247 ...cm]{..//figure/DVR_diffplots_nophoto.pdf}
                                                  
The control sequence at the end of the top line
of your error message was never \def'ed. If you have
misspelled it (e.g., `\hobx'), type `I' and the correct
spelling (e.g., `I\hbox'). Otherwise just continue,
and I'll forget about whatever was undefined.

! Undefined control sequence.
\a:IMG ...4ht=<draw:frame draw:name="\imgBaseName 
                                                  " text:anchor-type="as-cha...
l.247 ...cm]{..//figure/DVR_diffplots_nophoto.pdf}
                                                  
The control sequence at the end of the top line
of your error message was never \def'ed. If you have
misspelled it (e.g., `\hobx'), type `I' and the correct
spelling (e.g., `I\hbox'). Otherwise just continue,
and I'll forget about whatever was undefined.

l.247 --- TeX4ht warning --- Cannot determine size of graphic in ..//figure/DVR
_diffplots_nophoto.pdf (no BoundingBox) ---
File: ..//figure/DVR_diffplots_nophoto.pdf Graphic file (type eps)
<..//figure/DVR_diffplots_nophoto.pdf>
--- file RethinkingFS_TranstoWord-m21.4om ---
[37

]
--- file RethinkingFS_TranstoWord-m22.4om ---
[38

] [39

]

Package natbib Warning: There were undefined citations.

[40

] (./RethinkingFS_TranstoWord.aux) ) 
Here is how much of TeX's memory you used:
 19787 strings out of 493015
 365903 string characters out of 6133377
 527547 words of memory out of 5000000
 22917 multiletter control sequences out of 15000+600000
 19688 words of font info for 38 fonts, out of 8000000 for 9000
 1141 hyphenation exceptions out of 8191
 42i,7n,48p,10869b,498s stack positions out of 5000i,500n,10000p,200000b,80000s

Output written on RethinkingFS_TranstoWord.dvi (93 pages, 141088 bytes).
